<?xml version="1.0" encoding="UTF-8"?>
<!-- Generated by org.testng.reporters.JUnitXMLReporter -->
<testsuite ignored="0" hostname="DESKTOP-4RF4A9B" failures="0" tests="3" name="Default test" time="9.206" errors="0" timestamp="2021-06-24T19:45:54 IST">
  <testcase classname="basicsInAPI.DynamicJson" name="addBook" time="7.877"/>
  <testcase classname="basicsInAPI.DynamicJson" name="addBook" time="0.574"/>
  <testcase classname="basicsInAPI.DynamicJson" name="addBook" time="0.53"/>
</testsuite> <!-- Default test -->
